2017-08-20 17:00:30 -  - exec CUpdateClientPartner::SearchModulesEx
2017-08-20 17:00:30 -  - exec CUpdateClientPartner::__CollectRequestData
2017-08-20 17:00:30 -  - utf=N&lang=ru&stable=Y&CANGZIP=Y&SUPD_DBS=MYSQL&XE=N&CLIENT_SITE=newproject&LICENSE_KEY=X&SUPD_STS=1&SUPD_URS=0&SUPD_URSA=1&TYPENC=D&CLIENT_PHPVER=5.6.29&NGINX=Y&dbv=5.7.16&instm=main%2C17.0.9%2CY%3Bb24connector%2C17.0.1%2CN%3Bbitrix.sitecorporate%2C15.5.0%2CN%3Bbitrix.siteinfoportal%2C15.5.0%2CN%3Bbitrix.sitepersonal%2C15.5.0%2CN%3Bbitrixcloud%2C17.0.0%2CN%3Bblog%2C17.5.2%2CN%3Bclouds%2C17.0.0%2CN%3Bcompression%2C16.0.0%2CN%3Bfileman%2C17.5.0%2CN%3Bform%2C17.0.1%2CN%3Bforum%2C17.5.1%2CN%3Bhighloadblock%2C17.0.2%2CN%3Biblock%2C17.0.9%2CN%3Bmobileapp%2C17.0.1%2CN%3Bperfmon%2C17.0.0%2CN%3Bphotogallery%2C17.0.2%2CN%3Bscale%2C17.0.0%2CN%3Bsearch%2C17.0.1%2CN%3Bsecurity%2C17.0.1%2CN%3Bseo%2C17.0.6%2CN%3Bsocialservices%2C17.1.4%2CN%3Bsubscribe%2C17.0.0%2CN%3Btranslate%2C15.0.0%2CN%3Bvote%2C17.5.0%2CN&search_module_id=&search_module=&search_category=7%2C14&search_type=&search_order=DESC&search_order_by=SORT&search_page=1&SUPD_SRS=RU&SUPD_CMP=N
2017-08-20 17:00:30 -  - exec CUpdateClientPartner::GetHTTPPage
2017-08-20 17:00:33 -  - TIME SearchModulesEx(request) 2.497 sec
2017-08-20 17:00:33 -  - exec CUpdateClientPartner::ParseServerData
2017-08-20 17:01:26 -  - exec CUpdateClientPartner::LoadModulesUpdates
2017-08-20 17:01:26 -  - exec CUpdateClientPartner::__CollectRequestData
2017-08-20 17:01:26 -  - utf=N&lang=ru&stable=Y&CANGZIP=Y&SUPD_DBS=MYSQL&XE=N&CLIENT_SITE=newproject&LICENSE_KEY=X&SUPD_STS=1&SUPD_URS=0&SUPD_URSA=1&TYPENC=D&CLIENT_PHPVER=5.6.29&NGINX=Y&dbv=5.7.16&instm=main%2C17.0.9%2CY%3Bb24connector%2C17.0.1%2CN%3Bbitrix.sitecorporate%2C15.5.0%2CN%3Bbitrix.siteinfoportal%2C15.5.0%2CN%3Bbitrix.sitepersonal%2C15.5.0%2CN%3Bbitrixcloud%2C17.0.0%2CN%3Bblog%2C17.5.2%2CN%3Bclouds%2C17.0.0%2CN%3Bcompression%2C16.0.0%2CN%3Bfileman%2C17.5.0%2CN%3Bform%2C17.0.1%2CN%3Bforum%2C17.5.1%2CN%3Bhighloadblock%2C17.0.2%2CN%3Biblock%2C17.0.9%2CN%3Bmobileapp%2C17.0.1%2CN%3Bperfmon%2C17.0.0%2CN%3Bphotogallery%2C17.0.2%2CN%3Bscale%2C17.0.0%2CN%3Bsearch%2C17.0.1%2CN%3Bsecurity%2C17.0.1%2CN%3Bseo%2C17.0.6%2CN%3Bsocialservices%2C17.1.4%2CN%3Bsubscribe%2C17.0.0%2CN%3Btranslate%2C15.0.0%2CN%3Bvote%2C17.5.0%2CN&reqm=bkvsoft.mebel&lim=Y&SUPD_SRS=RU&SUPD_CMP=N
2017-08-20 17:01:26 -  - exec CUpdateClientPartner::GetHTTPPage
2017-08-20 17:01:26 -  - TIME LoadModulesUpdates(request) 0.421 sec
2017-08-20 17:01:26 -  - exec CUpdateClientPartner::ParseServerData
2017-08-20 17:01:26 - S - STEP
2017-08-20 17:01:26 - LM4W01 - loadModule4Wizard-Step
2017-08-20 17:01:27 -  - exec CUpdateClientPartner::LoadModulesUpdates
2017-08-20 17:01:27 -  - exec CUpdateClientPartner::ParseServerData
2017-08-20 17:01:27 -  - loadFile
2017-08-20 17:01:49 - U - RETURN
2017-08-20 17:01:49 -  - exec CUpdateClientPartner::UnGzipArchive
2017-08-20 17:01:49 -  - TIME UnGzipArchive 0.508 sec
2017-08-20 17:01:51 -  - TIME UpdateStepModules 1.479 sec
2017-08-20 17:01:51 -  - exec CUpdateClientPartner::LoadModulesUpdates
2017-08-20 17:01:51 -  - exec CUpdateClientPartner::__CollectRequestData
2017-08-20 17:01:51 -  - utf=N&lang=ru&stable=Y&CANGZIP=Y&SUPD_DBS=MYSQL&XE=N&CLIENT_SITE=newproject&LICENSE_KEY=X&SUPD_STS=1&SUPD_URS=0&SUPD_URSA=1&TYPENC=D&CLIENT_PHPVER=5.6.29&NGINX=Y&dbv=5.7.16&instm=main%2C17.0.9%2CY%3Bb24connector%2C17.0.1%2CN%3Bbitrix.sitecorporate%2C15.5.0%2CN%3Bbitrix.siteinfoportal%2C15.5.0%2CN%3Bbitrix.sitepersonal%2C15.5.0%2CN%3Bbitrixcloud%2C17.0.0%2CN%3Bbkvsoft.mebel%2C0.0.1%2CN%3Bblog%2C17.5.2%2CN%3Bclouds%2C17.0.0%2CN%3Bcompression%2C16.0.0%2CN%3Bfileman%2C17.5.0%2CN%3Bform%2C17.0.1%2CN%3Bforum%2C17.5.1%2CN%3Bhighloadblock%2C17.0.2%2CN%3Biblock%2C17.0.9%2CN%3Bmobileapp%2C17.0.1%2CN%3Bperfmon%2C17.0.0%2CN%3Bphotogallery%2C17.0.2%2CN%3Bscale%2C17.0.0%2CN%3Bsearch%2C17.0.1%2CN%3Bsecurity%2C17.0.1%2CN%3Bseo%2C17.0.6%2CN%3Bsocialservices%2C17.1.4%2CN%3Bsubscribe%2C17.0.0%2CN%3Btranslate%2C15.0.0%2CN%3Bvote%2C17.5.0%2CN&reqm=bkvsoft.mebel&lim=Y&SUPD_SRS=RU&SUPD_CMP=N
2017-08-20 17:01:51 -  - exec CUpdateClientPartner::GetHTTPPage
2017-08-20 17:01:52 -  - TIME LoadModulesUpdates(request) 0.391 sec
2017-08-20 17:01:52 -  - exec CUpdateClientPartner::ParseServerData
2017-08-20 17:01:52 - STEP - Finish - NOUPDATES
2017-08-20 17:01:52 - LM4W03 - Finish - NOUPDATES
