2017-Aug-21 13:45:49 Наличие необходимых модулей php (check_php_modules): Ok
Все необходимые модули установлены
2017-Aug-21 13:45:49 Обязательные параметры PHP (check_php_settings): Fail
Ошибка! Значение max_input_vars должно быть не ниже 10000. Текущее значение: 1000
2017-Aug-21 13:45:49 Модули веб-сервера (check_security): Ok
Конфликтов не выявлено
2017-Aug-21 13:45:49 Значения переменных сервера (check_server_vars): Fail
Ошибка! Текущий домен не валидный (newproject). Может содержать только цифры, латинские буквы и дефис. Должен содержать точку.
2017-Aug-21 13:45:49 Сохранение сессии (check_session): Ok
50% done
2017-Aug-21 13:45:49 Сохранение сессии (check_session): Ok
Успешно
2017-Aug-21 13:45:49 Параметры настройки UTF (mbstring и константа BX_UTF) (check_mbstring): Ok
Правильные. Сайт работает в однобайтовой кодировке
2017-Aug-21 13:45:49 Служебные скрипты в корне сайта (check_install_scripts): Ok
Отсутствуют
2017-Aug-21 13:45:49 Работа с сокетами (check_socket): Ok
Connection to newproject:80	Success

Успешно
2017-Aug-21 13:45:50 Выполнение агентов на cron (check_bx_crontab): Warning
Замечание. Агенты выполняются на хитах, рекомендуется перевести выполнение агентов на cron
2017-Aug-21 13:45:50 Параметры подключения к базе данных (check_dbconn_settings): Ok
Успешно
2017-Aug-21 13:45:50 Лишний вывод в файлах конфигурации (check_dbconn): Ok
Connection to newproject:80	Success

Успешно
2017-Aug-21 13:45:50 Сохранение сессии без UserAgent (check_session_ua): Ok
50% done
Connection to newproject:80	Success

2017-Aug-21 13:45:50 Сохранение сессии без UserAgent (check_session_ua): Ok
Connection to newproject:80	Success

Успешно
2017-Aug-21 13:45:50 Настройки сайтов (check_sites): Ok
Правильные
2017-Aug-21 13:45:50 Передача объектов по ссылке (check_clone): Ok
Успешно
